<?xml version="1.0" encoding="UTF-8"?>
<testng-results skipped="0" failed="0" ignored="0" total="1" passed="1">
  <reporter-output>
  </reporter-output>
  <suite name="Default suite" duration-ms="10674" started-at="2020-07-18T16:55:33 EDT" finished-at="2020-07-18T16:55:44 EDT">
    <groups>
    </groups>
    <test name="Default test" duration-ms="10674" started-at="2020-07-18T16:55:33 EDT" finished-at="2020-07-18T16:55:44 EDT">
      <class name="test.AddCustomerTest">
        <test-method status="PASS" signature="ValidUserShouldBeAbleToAddCustomer()[pri:0, instance:test.AddCustomerTest@22555ebf]" name="ValidUserShouldBeAbleToAddCustomer" duration-ms="10642" started-at="2020-07-18T16:55:33 EDT" finished-at="2020-07-18T16:55:44 EDT">
          <reporter-output>
          </reporter-output>
        </test-method> <!-- ValidUserShouldBeAbleToAddCustomer -->
      </class> <!-- test.AddCustomerTest -->
    </test> <!-- Default test -->
  </suite> <!-- Default suite -->
</testng-results>
